2025-02-11 19:08:41,240 - INFO - Checking pair: BTCUSDT
2025-02-11 19:08:41,339 - INFO - No signal for BTCUSDT
2025-02-11 19:08:41,339 - INFO - Checking pair: ETHUSDT
2025-02-11 19:08:41,393 - INFO - No signal for ETHUSDT
2025-02-11 19:08:41,393 - INFO - Checking pair: USDCUSDT
2025-02-11 19:08:41,448 - INFO - No signal for USDCUSDT
2025-02-11 19:08:41,448 - INFO - Checking pair: SOLUSDT
2025-02-11 19:08:41,533 - INFO - No signal for SOLUSDT
2025-02-11 19:08:41,533 - INFO - Checking pair: FDUSDUSDT
2025-02-11 19:08:41,620 - INFO - No signal for FDUSDUSDT
2025-02-11 19:08:41,620 - INFO - Checking pair: XRPUSDT
2025-02-11 19:08:41,689 - INFO - No signal for XRPUSDT
2025-02-11 19:08:41,689 - INFO - Checking pair: TSTUSDT
2025-02-11 19:08:41,766 - INFO - No signal for TSTUSDT
2025-02-11 19:08:41,766 - INFO - Checking pair: LAYERUSDT
2025-02-11 19:08:41,822 - ERROR - Tidak ada data analisis untuk LAYERUSDT
2025-02-11 19:08:41,822 - INFO - No signal for LAYERUSDT
2025-02-11 19:08:41,822 - INFO - Checking pair: BNBUSDT
2025-02-11 19:08:41,939 - INFO - No signal for BNBUSDT
2025-02-11 19:08:41,939 - INFO - Checking pair: ADAUSDT
2025-02-11 19:08:42,007 - INFO - No signal for ADAUSDT
2025-02-11 19:08:42,007 - INFO - Checking pair: DOGEUSDT
2025-02-11 19:08:42,208 - INFO - No signal for DOGEUSDT
2025-02-11 19:08:42,208 - INFO - Checking pair: PEPEUSDT
2025-02-11 19:08:42,293 - INFO - No signal for PEPEUSDT
2025-02-11 19:08:42,293 - INFO - Checking pair: BNXUSDT
2025-02-11 19:08:42,373 - INFO - No signal for BNXUSDT
2025-02-11 19:08:42,373 - INFO - Checking pair: TRUMPUSDT
2025-02-11 19:08:42,426 - INFO - No signal for TRUMPUSDT
2025-02-11 19:08:42,426 - INFO - Checking pair: TRXUSDT
2025-02-11 19:08:42,532 - INFO - No signal for TRXUSDT
2025-02-11 19:08:42,532 - INFO - Checking pair: ENAUSDT
2025-02-11 19:08:42,602 - INFO - No signal for ENAUSDT
2025-02-11 19:08:42,602 - INFO - Checking pair: 1000CHEEMSUSDT
2025-02-11 19:08:42,686 - INFO - No signal for 1000CHEEMSUSDT
2025-02-11 19:08:42,686 - INFO - Checking pair: WLDUSDT
2025-02-11 19:08:42,770 - INFO - No signal for WLDUSDT
2025-02-11 19:08:42,770 - INFO - Checking pair: PNUTUSDT
2025-02-11 19:08:42,835 - INFO - No signal for PNUTUSDT
2025-02-11 19:08:42,835 - INFO - Checking pair: CAKEUSDT
2025-02-11 19:08:42,901 - INFO - No signal for CAKEUSDT
2025-02-11 19:08:42,901 - INFO - Checking pair: WIFUSDT
2025-02-11 19:08:42,967 - INFO - No signal for WIFUSDT
2025-02-11 19:08:42,967 - INFO - Checking pair: AIXBTUSDT
2025-02-11 19:08:43,021 - INFO - No signal for AIXBTUSDT
2025-02-11 19:08:43,021 - INFO - Checking pair: LINKUSDT
2025-02-11 19:08:43,078 - INFO - No signal for LINKUSDT
2025-02-11 19:08:43,078 - INFO - Checking pair: HBARUSDT
2025-02-11 19:08:43,164 - INFO - No signal for HBARUSDT
2025-02-11 19:08:43,164 - INFO - Checking pair: BERAUSDT
2025-02-11 19:08:43,242 - INFO - No signal for BERAUSDT
2025-02-11 19:08:43,243 - INFO - Checking pair: APTUSDT
2025-02-11 19:08:43,700 - INFO - No signal for APTUSDT
2025-02-11 19:08:43,700 - INFO - Checking pair: AAVEUSDT
2025-02-11 19:08:43,783 - INFO - No signal for AAVEUSDT
2025-02-11 19:08:43,783 - INFO - Checking pair: OMUSDT
2025-02-11 19:08:43,864 - INFO - No signal for OMUSDT
2025-02-11 19:08:43,864 - INFO - Checking pair: RUNEUSDT
2025-02-11 19:08:43,917 - INFO - No signal for RUNEUSDT
2025-02-11 19:08:43,917 - INFO - Checking pair: AVAXUSDT
2025-02-11 19:08:43,999 - INFO - No signal for AVAXUSDT
2025-02-11 19:08:44,749 - INFO - Sent alert: NO_SIGNAL for ALL
2025-02-11 19:08:44,749 - INFO - No signals triggered for any pair
2025-02-11 19:08:44,749 - INFO - Saved active positions
